{
  "uid" : "8a825d1cfc4efc60",
  "name" : "test_login",
  "fullName" : "Web.test_example7.Test_Comm#test_login",
  "historyId" : "756c83ac2bc7f53581e6cd7780528cf7",
  "time" : {
    "start" : 1673536743096,
    "stop" : 1673536747986,
    "duration" : 4890
  },
  "status" : "passed",
  "flaky" : false,
  "newFailed" : false,
  "beforeStages" : [ {
    "name" : "_xunit_setup_class_fixture_Test_Comm",
    "time" : {
      "start" : 1673536736481,
      "stop" : 1673536743094,
      "duration" : 6613
    },
    "status" : "passed",
    "steps" : [ ],
    "attachments" : [ ],
    "parameters" : [ ],
    "hasContent" : false,
    "stepsCount" : 0,
    "attachmentsCount" : 0,
    "shouldDisplayMessage" : false
  } ],
  "afterStages" : [ {
    "name" : "_xunit_setup_class_fixture_Test_Comm::0",
    "time" : {
      "start" : 1673536747986,
      "stop" : 1673536752064,
      "duration" : 4078
    },
    "status" : "passed",
    "steps" : [ ],
    "attachments" : [ ],
    "parameters" : [ ],
    "hasContent" : false,
    "stepsCount" : 0,
    "attachmentsCount" : 0,
    "shouldDisplayMessage" : false
  } ],
  "labels" : [ {
    "name" : "parentSuite",
    "value" : "Web"
  }, {
    "name" : "suite",
    "value" : "test_example7"
  }, {
    "name" : "subSuite",
    "value" : "Test_Comm"
  }, {
    "name" : "host",
    "value" : "00demacbook-pro"
  }, {
    "name" : "thread",
    "value" : "13562-MainThread"
  }, {
    "name" : "framework",
    "value" : "pytest"
  }, {
    "name" : "language",
    "value" : "cpython3"
  }, {
    "name" : "package",
    "value" : "Web.test_example7"
  }, {
    "name" : "resultFormat",
    "value" : "allure2"
  } ],
  "parameters" : [ ],
  "links" : [ ],
  "hidden" : false,
  "retry" : false,
  "extra" : {
    "severity" : "normal",
    "retries" : [ {
      "uid" : "ec8845d14217f7ea",
      "status" : "passed",
      "time" : {
        "start" : 1673433975496,
        "stop" : 1673433979428,
        "duration" : 3932
      }
    }, {
      "uid" : "7c349889cf4c8853",
      "status" : "broken",
      "statusDetails" : "AttributeError: 'WebKey' object has no attribute 'quit'",
      "time" : {
        "start" : 1673433830182,
        "stop" : 1673433834129,
        "duration" : 3947
      }
    }, {
      "uid" : "9b4cbed61e48e186",
      "status" : "broken",
      "statusDetails" : "AttributeError: type object 'Test_Comm' has no attribute 'driver'",
      "time" : {
        "start" : 1673433743901,
        "stop" : 1673433748929,
        "duration" : 5028
      }
    }, {
      "uid" : "a47bc88830f1357c",
      "status" : "broken",
      "statusDetails" : "selenium.common.exceptions.InvalidSelectorException: Message: invalid selector: Unable to locate an element with the xpath expression https://cdc.test.yuanting.cn/#/login because of the following error:\nSyntaxError: Failed to execute 'evaluate' on 'Document': The string 'https://cdc.test.yuanting.cn/#/login' is not a valid XPath expression.\n  (Session info: chrome=108.0.5359.124)\nStacktrace:\n0   chromedriver                        0x00000001008c1f38 chromedriver + 4910904\n1   chromedriver                        0x0000000100841a03 chromedriver + 4385283\n2   chromedriver                        0x0000000100486747 chromedriver + 472903\n3   chromedriver                        0x000000010048ad28 chromedriver + 490792\n4   chromedriver                        0x000000010048a9f6 chromedriver + 489974\n5   chromedriver                        0x000000010048adfc chromedriver + 491004\n6   chromedriver                        0x00000001004caf63 chromedriver + 753507\n7   chromedriver                        0x00000001004cb5a1 chromedriver + 755105\n8   chromedriver                        0x000000010050ee94 chromedriver + 1031828\n9   chromedriver                        0x00000001004f113d chromedriver + 909629\n10  chromedriver                        0x000000010050c28e chromedriver + 1020558\n11  chromedriver                        0x00000001004f0ee3 chromedriver + 909027\n12  chromedriver                        0x00000001004bb30c chromedriver + 688908\n13  chromedriver                        0x00000001004bc88e chromedriver + 694414\n14  chromedriver                        0x000000010088f1de chromedriver + 4702686\n15  chromedriver                        0x0000000100893b19 chromedriver + 4721433\n16  chromedriver                        0x000000010089b28e chromedriver + 4752014\n17  chromedriver                        0x000000010089491a chromedriver + 4725018\n18  chromedriver                        0x0000000100868b02 chromedriver + 4545282\n19  chromedriver                        0x00000001008b3888 chromedriver + 4851848\n20  chromedriver                        0x00000001008b3a05 chromedriver + 4852229\n21  chromedriver                        0x00000001008c9e5f chromedriver + 4943455\n22  libsystem_pthread.dylib             0x00007ff81bf824f4 _pthread_start + 125\n23  libsystem_pthread.dylib             0x00007ff81bf7e00f thread_start + 15",
      "time" : {
        "start" : 1673433625163,
        "stop" : 1673433625257,
        "duration" : 94
      }
    }, {
      "uid" : "51b657d94ff97684",
      "status" : "broken",
      "statusDetails" : "selenium.common.exceptions.InvalidSelectorException: Message: invalid selector: Unable to locate an element with the xpath expression https://cdc.test.yuanting.cn/#/login because of the following error:\nSyntaxError: Failed to execute 'evaluate' on 'Document': The string 'https://cdc.test.yuanting.cn/#/login' is not a valid XPath expression.\n  (Session info: chrome=108.0.5359.124)\nStacktrace:\n0   chromedriver                        0x0000000104506f38 chromedriver + 4910904\n1   chromedriver                        0x0000000104486a03 chromedriver + 4385283\n2   chromedriver                        0x00000001040cb747 chromedriver + 472903\n3   chromedriver                        0x00000001040cfd28 chromedriver + 490792\n4   chromedriver                        0x00000001040cf9f6 chromedriver + 489974\n5   chromedriver                        0x00000001040cfdfc chromedriver + 491004\n6   chromedriver                        0x000000010410ff63 chromedriver + 753507\n7   chromedriver                        0x00000001041105a1 chromedriver + 755105\n8   chromedriver                        0x0000000104153e94 chromedriver + 1031828\n9   chromedriver                        0x000000010413613d chromedriver + 909629\n10  chromedriver                        0x000000010415128e chromedriver + 1020558\n11  chromedriver                        0x0000000104135ee3 chromedriver + 909027\n12  chromedriver                        0x000000010410030c chromedriver + 688908\n13  chromedriver                        0x000000010410188e chromedriver + 694414\n14  chromedriver                        0x00000001044d41de chromedriver + 4702686\n15  chromedriver                        0x00000001044d8b19 chromedriver + 4721433\n16  chromedriver                        0x00000001044e028e chromedriver + 4752014\n17  chromedriver                        0x00000001044d991a chromedriver + 4725018\n18  chromedriver                        0x00000001044adb02 chromedriver + 4545282\n19  chromedriver                        0x00000001044f8888 chromedriver + 4851848\n20  chromedriver                        0x00000001044f8a05 chromedriver + 4852229\n21  chromedriver                        0x000000010450ee5f chromedriver + 4943455\n22  libsystem_pthread.dylib             0x00007ff81bf824f4 _pthread_start + 125\n23  libsystem_pthread.dylib             0x00007ff81bf7e00f thread_start + 15",
      "time" : {
        "start" : 1673433571339,
        "stop" : 1673433571448,
        "duration" : 109
      }
    }, {
      "uid" : "e7bcce584352581a",
      "status" : "broken",
      "statusDetails" : "selenium.common.exceptions.InvalidSelectorException: Message: invalid selector: Unable to locate an element with the xpath expression https://cdc.test.yuanting.cn/#/login because of the following error:\nSyntaxError: Failed to execute 'evaluate' on 'Document': The string 'https://cdc.test.yuanting.cn/#/login' is not a valid XPath expression.\n  (Session info: chrome=108.0.5359.124)\nStacktrace:\n0   chromedriver                        0x0000000104647f38 chromedriver + 4910904\n1   chromedriver                        0x00000001045c7a03 chromedriver + 4385283\n2   chromedriver                        0x000000010420c747 chromedriver + 472903\n3   chromedriver                        0x0000000104210d28 chromedriver + 490792\n4   chromedriver                        0x00000001042109f6 chromedriver + 489974\n5   chromedriver                        0x0000000104210dfc chromedriver + 491004\n6   chromedriver                        0x0000000104250f63 chromedriver + 753507\n7   chromedriver                        0x00000001042515a1 chromedriver + 755105\n8   chromedriver                        0x0000000104294e94 chromedriver + 1031828\n9   chromedriver                        0x000000010427713d chromedriver + 909629\n10  chromedriver                        0x000000010429228e chromedriver + 1020558\n11  chromedriver                        0x0000000104276ee3 chromedriver + 909027\n12  chromedriver                        0x000000010424130c chromedriver + 688908\n13  chromedriver                        0x000000010424288e chromedriver + 694414\n14  chromedriver                        0x00000001046151de chromedriver + 4702686\n15  chromedriver                        0x0000000104619b19 chromedriver + 4721433\n16  chromedriver                        0x000000010462128e chromedriver + 4752014\n17  chromedriver                        0x000000010461a91a chromedriver + 4725018\n18  chromedriver                        0x00000001045eeb02 chromedriver + 4545282\n19  chromedriver                        0x0000000104639888 chromedriver + 4851848\n20  chromedriver                        0x0000000104639a05 chromedriver + 4852229\n21  chromedriver                        0x000000010464fe5f chromedriver + 4943455\n22  libsystem_pthread.dylib             0x00007ff81bf824f4 _pthread_start + 125\n23  libsystem_pthread.dylib             0x00007ff81bf7e00f thread_start + 15",
      "time" : {
        "start" : 1673433481837,
        "stop" : 1673433481937,
        "duration" : 100
      }
    }, {
      "uid" : "d060da40811c75d3",
      "status" : "passed",
      "time" : {
        "start" : 1673357895755,
        "stop" : 1673357900370,
        "duration" : 4615
      }
    }, {
      "uid" : "f7751ea61fff0080",
      "status" : "passed",
      "time" : {
        "start" : 1673357850850,
        "stop" : 1673357855642,
        "duration" : 4792
      }
    }, {
      "uid" : "4a858851aa497f2a",
      "status" : "broken",
      "statusDetails" : "TypeError: implicitly_wait() missing 1 required positional argument: 'time_to_wait'",
      "time" : {
        "start" : 1673357802474,
        "stop" : 1673357802474,
        "duration" : 0
      }
    }, {
      "uid" : "51dbcf396fd39e35",
      "status" : "passed",
      "time" : {
        "start" : 1673357727068,
        "stop" : 1673357732980,
        "duration" : 5912
      }
    }, {
      "uid" : "591c01e528f31842",
      "status" : "passed",
      "time" : {
        "start" : 1673357206546,
        "stop" : 1673357209713,
        "duration" : 3167
      }
    } ],
    "categories" : [ ],
    "history" : {
      "statistic" : {
        "failed" : 0,
        "broken" : 0,
        "skipped" : 0,
        "passed" : 5,
        "unknown" : 0,
        "total" : 5
      },
      "items" : [ {
        "uid" : "738f3f4ef3f7ba9e",
        "reportUrl" : "http://localhost:8080/job/yuanting/4/allure/#testresult/738f3f4ef3f7ba9e",
        "status" : "passed",
        "time" : {
          "start" : 1673536743096,
          "stop" : 1673536747986,
          "duration" : 4890
        }
      }, {
        "uid" : "4db63775afe085c4",
        "reportUrl" : "http://localhost:8080/job/yuanting/3/allure/#testresult/4db63775afe085c4",
        "status" : "passed",
        "time" : {
          "start" : 1673536743096,
          "stop" : 1673536747986,
          "duration" : 4890
        }
      }, {
        "uid" : "b5ae8ab347aec587",
        "reportUrl" : "http://localhost:8080/job/yuanting/2/allure/#testresult/b5ae8ab347aec587",
        "status" : "passed",
        "time" : {
          "start" : 1673536743096,
          "stop" : 1673536747986,
          "duration" : 4890
        }
      }, {
        "uid" : "3807ef00fe2d1ac9",
        "reportUrl" : "http://localhost:8080/job/yuanting/1/allure/#testresult/3807ef00fe2d1ac9",
        "status" : "passed",
        "time" : {
          "start" : 1673536743096,
          "stop" : 1673536747986,
          "duration" : 4890
        }
      } ]
    },
    "tags" : [ ]
  },
  "source" : "8a825d1cfc4efc60.json",
  "parameterValues" : [ ]
}